<?xml version="1.0" encoding="UTF-8"?>
<!-- Generated by org.testng.reporters.JUnitReportReporter -->
<testsuite skipped="0" hostname="LAPTOP-E8FOCFQK" name="Irctcmanual.Irctcmanualsample1$Irctcsample" tests="4" failures="0" timestamp="23 May 2020 10:40:53 GMT" time="206.138" errors="0">
  <testcase name="usernamepasswordnotok" time="64.245" classname="Irctcmanual.Irctcmanualsample1$Irctcsample"/>
  <testcase name="usernamenotok" time="43.102" classname="Irctcmanual.Irctcmanualsample1$Irctcsample"/>
  <testcase name="passwordnotok" time="54.684" classname="Irctcmanual.Irctcmanualsample1$Irctcsample"/>
  <testcase name="test" time="44.107" classname="Irctcmanual.Irctcmanualsample1$Irctcsample"/>
</testsuite> <!-- Irctcmanual.Irctcmanualsample1$Irctcsample -->
